# JRE version: OpenJDK Runtime Environment Corretto-19.0.2.7.1 (19.0.2+7) (build 19.0.2+7-FR)
# Java VM: OpenJDK 64-Bit Server VM Corretto-19.0.2.7.1 (19.0.2+7-FR, mixed mode, sharing, tiered, compressed oops, compressed class ptrs, g1 gc, windows-amd64)
GC Precious Log:
 CardTable entry size: 512
 Card Set container configuration: InlinePtr #cards 5 size 8 Array Of Cards #cards 12 size 40 Howl #buckets 4 coarsen threshold 1843 Howl Bitmap #cards 512 size 80 coarsen threshold 460 Card regions per heap region 1 cards per card region 2048
 CPUs: 8 total, 8 available
 Memory: 7981M
 Large Page Support: Disabled
 NUMA Support: Disabled
 Compressed Oops: Enabled (32-bit)
 Heap Region Size: 1M
 Heap Min Capacity: 128M
 Heap Initial Capacity: 128M
 Heap Max Capacity: 1500M
 Pre-touch: Disabled
 Parallel Workers: 8
 Concurrent Workers: 2
 Concurrent Refinement Workers: 8
 Periodic GC: Disabled
Heap:
 garbage-first heap   total 181248K, used 151062K [0x00000000a2400000, 0x0000000100000000)
  region size 1024K, 39 young (39936K), 4 survivors (4096K)
 Metaspace       used 80102K, committed 82368K, reserved 1179648K
  class space    used 10827K, committed 12032K, reserved 1048576K
GC Heap History (20 events):
Event: 33.148 GC heap before
{Heap before GC invocations=16 (full 0):
 garbage-first heap   total 131072K, used 129368K [0x00000000a2400000, 0x0000000100000000)
  region size 1024K, 38 young (38912K), 3 survivors (3072K)
 Metaspace       used 57268K, committed 59136K, reserved 1114112K
  class space    used 8088K, committed 9088K, reserved 1048576K
}
Event: 33.155 GC heap after
{Heap after GC invocations=17 (full 0):
 garbage-first heap   total 141312K, used 101527K [0x00000000a2400000, 0x0000000100000000)
  region size 1024K, 6 young (6144K), 6 survivors (6144K)
 Metaspace       used 57268K, committed 59136K, reserved 1114112K
  class space    used 8088K, committed 9088K, reserved 1048576K
}
Event: 33.170 GC heap before
{Heap before GC invocations=17 (full 0):
 garbage-first heap   total 141312K, used 102551K [0x00000000a2400000, 0x0000000100000000)
  region size 1024K, 7 young (7168K), 6 survivors (6144K)
 Metaspace       used 57312K, committed 59200K, reserved 1114112K
  class space    used 8093K, committed 9088K, reserved 1048576K
}
Event: 33.175 GC heap after
{Heap after GC invocations=18 (full 0):
 garbage-first heap   total 141312K, used 100909K [0x00000000a2400000, 0x0000000100000000)
  region size 1024K, 1 young (1024K), 1 survivors (1024K)
 Metaspace       used 57312K, committed 59200K, reserved 1114112K
  class space    used 8093K, committed 9088K, reserved 1048576K
}
Event: 33.762 GC heap before
{Heap before GC invocations=18 (full 0):
 garbage-first heap   total 141312K, used 118317K [0x00000000a2400000, 0x0000000100000000)
  region size 1024K, 19 young (19456K), 1 survivors (1024K)
 Metaspace       used 58950K, committed 60928K, reserved 1114112K
  class space    used 8336K, committed 9408K, reserved 1048576K
}
Event: 33.765 GC heap after
{Heap after GC invocations=19 (full 0):
 garbage-first heap   total 141312K, used 101621K [0x00000000a2400000, 0x0000000100000000)
  region size 1024K, 2 young (2048K), 2 survivors (2048K)
 Metaspace       used 58950K, committed 60928K, reserved 1114112K
  class space    used 8336K, committed 9408K, reserved 1048576K
}
Event: 34.093 GC heap before
{Heap before GC invocations=20 (full 0):
 garbage-first heap   total 181248K, used 120053K [0x00000000a2400000, 0x0000000100000000)
  region size 1024K, 20 young (20480K), 2 survivors (2048K)
 Metaspace       used 60453K, committed 62464K, reserved 1114112K
  class space    used 8573K, committed 9664K, reserved 1048576K
}
Event: 34.096 GC heap after
{Heap after GC invocations=21 (full 0):
 garbage-first heap   total 181248K, used 102666K [0x00000000a2400000, 0x0000000100000000)
  region size 1024K, 3 young (3072K), 3 survivors (3072K)
 Metaspace       used 60453K, committed 62464K, reserved 1114112K
  class space    used 8573K, committed 9664K, reserved 1048576K
}
Event: 34.164 GC heap before
{Heap before GC invocations=21 (full 0):
 garbage-first heap   total 181248K, used 107786K [0x00000000a2400000, 0x0000000100000000)
  region size 1024K, 8 young (8192K), 3 survivors (3072K)
 Metaspace       used 60648K, committed 62656K, reserved 1114112K
  class space    used 8594K, committed 9664K, reserved 1048576K
}
Event: 34.167 GC heap after
{Heap after GC invocations=22 (full 0):
 garbage-first heap   total 181248K, used 103079K [0x00000000a2400000, 0x0000000100000000)
  region size 1024K, 1 young (1024K), 1 survivors (1024K)
 Metaspace       used 60648K, committed 62656K, reserved 1114112K
  class space    used 8594K, committed 9664K, reserved 1048576K
}
Event: 35.135 GC heap before
{Heap before GC invocations=22 (full 0):
 garbage-first heap   total 181248K, used 147111K [0x00000000a2400000, 0x0000000100000000)
  region size 1024K, 43 young (44032K), 1 survivors (1024K)
 Metaspace       used 64323K, committed 66368K, reserved 1114112K
  class space    used 8951K, committed 10048K, reserved 1048576K
}
Event: 35.141 GC heap after
{Heap after GC invocations=23 (full 0):
 garbage-first heap   total 181248K, used 106565K [0x00000000a2400000, 0x0000000100000000)
  region size 1024K, 5 young (5120K), 5 survivors (5120K)
 Metaspace       used 64323K, committed 66368K, reserved 1114112K
  class space    used 8951K, committed 10048K, reserved 1048576K
}
Event: 50.172 GC heap before
{Heap before GC invocations=23 (full 0):
 garbage-first heap   total 181248K, used 146501K [0x00000000a2400000, 0x0000000100000000)
  region size 1024K, 45 young (46080K), 5 survivors (5120K)
 Metaspace       used 67368K, committed 69504K, reserved 1114112K
  class space    used 9329K, committed 10432K, reserved 1048576K
}
Event: 50.184 GC heap after
{Heap after GC invocations=24 (full 0):
 garbage-first heap   total 181248K, used 111502K [0x00000000a2400000, 0x0000000100000000)
  region size 1024K, 5 young (5120K), 5 survivors (5120K)
 Metaspace       used 67368K, committed 69504K, reserved 1114112K
  class space    used 9329K, committed 10432K, reserved 1048576K
}
Event: 229.514 GC heap before
{Heap before GC invocations=24 (full 0):
 garbage-first heap   total 181248K, used 149390K [0x00000000a2400000, 0x0000000100000000)
  region size 1024K, 43 young (44032K), 5 survivors (5120K)
 Metaspace       used 68253K, committed 70400K, reserved 1114112K
  class space    used 9363K, committed 10496K, reserved 1048576K
}
Event: 229.522 GC heap after
{Heap after GC invocations=25 (full 0):
 garbage-first heap   total 181248K, used 111854K [0x00000000a2400000, 0x0000000100000000)
  region size 1024K, 2 young (2048K), 2 survivors (2048K)
 Metaspace       used 68253K, committed 70400K, reserved 1114112K
  class space    used 9363K, committed 10496K, reserved 1048576K
}
Event: 440.204 GC heap before
{Heap before GC invocations=25 (full 0):
 garbage-first heap   total 181248K, used 149742K [0x00000000a2400000, 0x0000000100000000)
  region size 1024K, 40 young (40960K), 2 survivors (2048K)
 Metaspace       used 69310K, committed 71488K, reserved 1114112K
  class space    used 9499K, committed 10624K, reserved 1048576K
}
Event: 440.207 GC heap after
{Heap after GC invocations=26 (full 0):
 garbage-first heap   total 181248K, used 113104K [0x00000000a2400000, 0x0000000100000000)
  region size 1024K, 3 young (3072K), 3 survivors (3072K)
 Metaspace       used 69310K, committed 71488K, reserved 1114112K
  class space    used 9499K, committed 10624K, reserved 1048576K
}
Event: 441.513 GC heap before
{Heap before GC invocations=26 (full 0):
 garbage-first heap   total 181248K, used 149968K [0x00000000a2400000, 0x0000000100000000)
  region size 1024K, 40 young (40960K), 3 survivors (3072K)
 Metaspace       used 79054K, committed 81280K, reserved 1179648K
  class space    used 10724K, committed 11904K, reserved 1048576K
}
Event: 441.527 GC heap after
{Heap after GC invocations=27 (full 0):
 garbage-first heap   total 181248K, used 116246K [0x00000000a2400000, 0x0000000100000000)
  region size 1024K, 4 young (4096K), 4 survivors (4096K)
 Metaspace       used 79054K, committed 81280K, reserved 1179648K
  class space    used 10724K, committed 11904K, reserved 1048576K
}

